{"/Users/chenqinyang/Documents/Code/personal/sharemd/src/App.tsx": {"path":"/Users/chenqinyang/Documents/Code/personal/sharemd/src/App.tsx","statementMap":{"0":{"start":{"line":17,"column":30},"end":{"line":17,"column":null}},"1":{"start":{"line":18,"column":32},"end":{"line":18,"column":null}},"2":{"start":{"line":19,"column":44},"end":{"line":19,"column":null}},"3":{"start":{"line":20,"column":40},"end":{"line":20,"column":null}},"4":{"start":{"line":22,"column":8},"end":{"line":22,"column":null}},"5":{"start":{"line":23,"column":8},"end":{"line":23,"column":null}},"6":{"start":{"line":24,"column":8},"end":{"line":24,"column":null}},"7":{"start":{"line":27,"column":123},"end":{"line":27,"column":null}},"8":{"start":{"line":30,"column":2},"end":{"line":34,"column":null}},"9":{"start":{"line":31,"column":4},"end":{"line":33,"column":null}},"10":{"start":{"line":32,"column":6},"end":{"line":32,"column":null}},"11":{"start":{"line":37,"column":8},"end":{"line":45,"column":null}},"12":{"start":{"line":38,"column":4},"end":{"line":38,"column":null}},"13":{"start":{"line":39,"column":4},"end":{"line":39,"column":null}},"14":{"start":{"line":42,"column":4},"end":{"line":44,"column":null}},"15":{"start":{"line":43,"column":6},"end":{"line":43,"column":null}},"16":{"start":{"line":48,"column":8},"end":{"line":50,"column":null}},"17":{"start":{"line":49,"column":5},"end":{"line":49,"column":null}},"18":{"start":{"line":53,"column":2},"end":{"line":53,"column":null}},"19":{"start":{"line":56,"column":75},"end":{"line":56,"column":null}},"20":{"start":{"line":59,"column":2},"end":{"line":66,"column":null}},"21":{"start":{"line":60,"column":4},"end":{"line":65,"column":null}},"22":{"start":{"line":61,"column":6},"end":{"line":61,"column":null}},"23":{"start":{"line":64,"column":6},"end":{"line":64,"column":null}},"24":{"start":{"line":68,"column":25},"end":{"line":70,"column":null}},"25":{"start":{"line":69,"column":4},"end":{"line":69,"column":null}},"26":{"start":{"line":72,"column":21},"end":{"line":74,"column":null}},"27":{"start":{"line":73,"column":4},"end":{"line":73,"column":null}},"28":{"start":{"line":77,"column":8},"end":{"line":80,"column":null}},"29":{"start":{"line":78,"column":4},"end":{"line":78,"column":null}},"30":{"start":{"line":79,"column":4},"end":{"line":79,"column":null}},"31":{"start":{"line":82,"column":2},"end":{"line":160,"column":null}}},"fnMap":{"0":{"name":"App","decl":{"start":{"line":16,"column":9},"end":{"line":16,"column":15}},"loc":{"start":{"line":16,"column":15},"end":{"line":162,"column":null}},"line":16},"1":{"name":"(anonymous_1)","decl":{"start":{"line":30,"column":12},"end":{"line":30,"column":18}},"loc":{"start":{"line":30,"column":18},"end":{"line":34,"column":5}},"line":30},"2":{"name":"(anonymous_2)","decl":{"start":{"line":37,"column":53},"end":{"line":37,"column":54}},"loc":{"start":{"line":37,"column":80},"end":{"line":45,"column":5}},"line":37},"3":{"name":"(anonymous_3)","decl":{"start":{"line":42,"column":15},"end":{"line":42,"column":21}},"loc":{"start":{"line":42,"column":21},"end":{"line":44,"column":7}},"line":42},"4":{"name":"(anonymous_4)","decl":{"start":{"line":48,"column":48},"end":{"line":48,"column":49}},"loc":{"start":{"line":48,"column":75},"end":{"line":50,"column":5}},"line":48},"5":{"name":"(anonymous_5)","decl":{"start":{"line":59,"column":12},"end":{"line":59,"column":18}},"loc":{"start":{"line":59,"column":18},"end":{"line":66,"column":5}},"line":59},"6":{"name":"(anonymous_6)","decl":{"start":{"line":68,"column":25},"end":{"line":68,"column":31}},"loc":{"start":{"line":68,"column":31},"end":{"line":70,"column":null}},"line":68},"7":{"name":"(anonymous_7)","decl":{"start":{"line":72,"column":21},"end":{"line":72,"column":27}},"loc":{"start":{"line":72,"column":27},"end":{"line":74,"column":null}},"line":72},"8":{"name":"(anonymous_8)","decl":{"start":{"line":77,"column":41},"end":{"line":77,"column":47}},"loc":{"start":{"line":77,"column":47},"end":{"line":80,"column":5}},"line":77}},"branchMap":{"0":{"loc":{"start":{"line":31,"column":4},"end":{"line":33,"column":null}},"type":"if","locations":[{"start":{"line":31,"column":4},"end":{"line":33,"column":null}},{"start":{},"end":{}}],"line":31},"1":{"loc":{"start":{"line":60,"column":4},"end":{"line":65,"column":null}},"type":"if","locations":[{"start":{"line":60,"column":4},"end":{"line":65,"column":null}},{"start":{},"end":{}}],"line":60},"2":{"loc":{"start":{"line":85,"column":7},"end":{"line":110,"column":null}},"type":"binary-expr","locations":[{"start":{"line":85,"column":7},"end":{"line":85,"column":null}},{"start":{"line":86,"column":8},"end":{"line":110,"column":null}}],"line":85},"3":{"loc":{"start":{"line":116,"column":9},"end":{"line":129,"column":null}},"type":"binary-expr","locations":[{"start":{"line":116,"column":9},"end":{"line":116,"column":null}},{"start":{"line":117,"column":10},"end":{"line":129,"column":null}}],"line":116},"4":{"loc":{"start":{"line":120,"column":21},"end":{"line":120,"column":null}},"type":"cond-expr","locations":[{"start":{"line":120,"column":45},"end":{"line":120,"column":54}},{"start":{"line":120,"column":54},"end":{"line":120,"column":null}}],"line":120},"5":{"loc":{"start":{"line":129,"column":10},"end":{"line":134,"column":null}},"type":"binary-expr","locations":[{"start":{"line":133,"column":10},"end":{"line":133,"column":33}},{"start":{"line":133,"column":33},"end":{"line":133,"column":null}},{"start":{"line":134,"column":10},"end":{"line":134,"column":null}}],"line":129},"6":{"loc":{"start":{"line":138,"column":9},"end":{"line":144,"column":null}},"type":"binary-expr","locations":[{"start":{"line":138,"column":9},"end":{"line":138,"column":null}},{"start":{"line":139,"column":10},"end":{"line":144,"column":null}}],"line":138},"7":{"loc":{"start":{"line":152,"column":7},"end":{"line":158,"column":null}},"type":"binary-expr","locations":[{"start":{"line":152,"column":7},"end":{"line":152,"column":null}},{"start":{"line":153,"column":8},"end":{"line":158,"column":null}}],"line":152},"8":{"loc":{"start":{"line":156,"column":20},"end":{"line":156,"column":null}},"type":"binary-expr","locations":[{"start":{"line":156,"column":20},"end":{"line":156,"column":46}},{"start":{"line":156,"column":46},"end":{"line":156,"column":null}}],"line":156}},"s":{"0":0,"1":0,"2":0,"3":0,"4":0,"5":0,"6":0,"7":0,"8":0,"9":0,"10":0,"11":0,"12":0,"13":0,"14":0,"15":0,"16":0,"17":0,"18":0,"19":0,"20":0,"21":0,"22":0,"23":0,"24":0,"25":0,"26":0,"27":0,"28":0,"29":0,"30":0,"31":0},"f":{"0":0,"1":0,"2":0,"3":0,"4":0,"5":0,"6":0,"7":0,"8":0},"b":{"0":[0,0],"1":[0,0],"2":[0,0],"3":[0,0],"4":[0,0],"5":[0,0,0],"6":[0,0],"7":[0,0],"8":[0,0]},"meta":{"lastBranch":9,"lastFunction":9,"lastStatement":32,"seen":{"f:16:9:16:15":0,"s:17:30:17:Infinity":0,"s:18:32:18:Infinity":1,"s:19:44:19:Infinity":2,"s:20:40:20:Infinity":3,"s:22:8:22:Infinity":4,"s:23:8:23:Infinity":5,"s:24:8:24:Infinity":6,"s:27:123:27:Infinity":7,"s:30:2:34:Infinity":8,"f:30:12:30:18":1,"b:31:4:33:Infinity:undefined:undefined:undefined:undefined":0,"s:31:4:33:Infinity":9,"s:32:6:32:Infinity":10,"s:37:8:45:Infinity":11,"f:37:53:37:54":2,"s:38:4:38:Infinity":12,"s:39:4:39:Infinity":13,"s:42:4:44:Infinity":14,"f:42:15:42:21":3,"s:43:6:43:Infinity":15,"s:48:8:50:Infinity":16,"f:48:48:48:49":4,"s:49:5:49:Infinity":17,"s:53:2:53:Infinity":18,"s:56:75:56:Infinity":19,"s:59:2:66:Infinity":20,"f:59:12:59:18":5,"b:60:4:65:Infinity:undefined:undefined:undefined:undefined":1,"s:60:4:65:Infinity":21,"s:61:6:61:Infinity":22,"s:64:6:64:Infinity":23,"s:68:25:70:Infinity":24,"f:68:25:68:31":6,"s:69:4:69:Infinity":25,"s:72:21:74:Infinity":26,"f:72:21:72:27":7,"s:73:4:73:Infinity":27,"s:77:8:80:Infinity":28,"f:77:41:77:47":8,"s:78:4:78:Infinity":29,"s:79:4:79:Infinity":30,"s:82:2:160:Infinity":31,"b:85:7:85:Infinity:86:8:110:Infinity":2,"b:116:9:116:Infinity:117:10:129:Infinity":3,"b:120:45:120:54:120:54:120:Infinity":4,"b:133:10:133:33:133:33:133:Infinity:134:10:134:Infinity":5,"b:138:9:138:Infinity:139:10:144:Infinity":6,"b:152:7:152:Infinity:153:8:158:Infinity":7,"b:156:20:156:46:156:46:156:Infinity":8}}}
,"/Users/chenqinyang/Documents/Code/personal/sharemd/src/components/BackToTop/BackToTop.tsx": {"path":"/Users/chenqinyang/Documents/Code/personal/sharemd/src/components/BackToTop/BackToTop.tsx","statementMap":{"0":{"start":{"line":9,"column":51},"end":{"line":63,"column":null}},"1":{"start":{"line":10,"column":32},"end":{"line":10,"column":null}},"2":{"start":{"line":12,"column":2},"end":{"line":29,"column":null}},"3":{"start":{"line":13,"column":19},"end":{"line":13,"column":null}},"4":{"start":{"line":14,"column":20},"end":{"line":14,"column":null}},"5":{"start":{"line":15,"column":4},"end":{"line":15,"column":null}},"6":{"start":{"line":15,"column":29},"end":{"line":15,"column":null}},"7":{"start":{"line":17,"column":25},"end":{"line":20,"column":null}},"8":{"start":{"line":18,"column":22},"end":{"line":18,"column":null}},"9":{"start":{"line":19,"column":6},"end":{"line":19,"column":null}},"10":{"start":{"line":22,"column":4},"end":{"line":22,"column":null}},"11":{"start":{"line":23,"column":4},"end":{"line":23,"column":null}},"12":{"start":{"line":25,"column":4},"end":{"line":28,"column":null}},"13":{"start":{"line":26,"column":6},"end":{"line":26,"column":null}},"14":{"start":{"line":27,"column":6},"end":{"line":27,"column":null}},"15":{"start":{"line":31,"column":22},"end":{"line":38,"column":null}},"16":{"start":{"line":32,"column":4},"end":{"line":34,"column":null}},"17":{"start":{"line":33,"column":6},"end":{"line":33,"column":null}},"18":{"start":{"line":35,"column":4},"end":{"line":37,"column":null}},"19":{"start":{"line":36,"column":6},"end":{"line":36,"column":null}},"20":{"start":{"line":40,"column":2},"end":{"line":40,"column":null}},"21":{"start":{"line":40,"column":18},"end":{"line":40,"column":null}},"22":{"start":{"line":42,"column":2},"end":{"line":61,"column":null}}},"fnMap":{"0":{"name":"(anonymous_0)","decl":{"start":{"line":9,"column":51},"end":{"line":9,"column":52}},"loc":{"start":{"line":9,"column":82},"end":{"line":63,"column":null}},"line":9},"1":{"name":"(anonymous_1)","decl":{"start":{"line":12,"column":12},"end":{"line":12,"column":18}},"loc":{"start":{"line":12,"column":18},"end":{"line":29,"column":5}},"line":12},"2":{"name":"(anonymous_2)","decl":{"start":{"line":17,"column":25},"end":{"line":17,"column":31}},"loc":{"start":{"line":17,"column":31},"end":{"line":20,"column":null}},"line":17},"3":{"name":"(anonymous_3)","decl":{"start":{"line":25,"column":11},"end":{"line":25,"column":17}},"loc":{"start":{"line":25,"column":17},"end":{"line":28,"column":null}},"line":25},"4":{"name":"(anonymous_4)","decl":{"start":{"line":31,"column":22},"end":{"line":31,"column":28}},"loc":{"start":{"line":31,"column":28},"end":{"line":38,"column":null}},"line":31}},"branchMap":{"0":{"loc":{"start":{"line":15,"column":4},"end":{"line":15,"column":null}},"type":"if","locations":[{"start":{"line":15,"column":4},"end":{"line":15,"column":null}},{"start":{},"end":{}}],"line":15},"1":{"loc":{"start":{"line":15,"column":8},"end":{"line":15,"column":29}},"type":"binary-expr","locations":[{"start":{"line":15,"column":8},"end":{"line":15,"column":19}},{"start":{"line":15,"column":19},"end":{"line":15,"column":29}}],"line":15},"2":{"loc":{"start":{"line":18,"column":22},"end":{"line":18,"column":null}},"type":"binary-expr","locations":[{"start":{"line":18,"column":22},"end":{"line":18,"column":48}},{"start":{"line":18,"column":48},"end":{"line":18,"column":null}}],"line":18},"3":{"loc":{"start":{"line":32,"column":4},"end":{"line":34,"column":null}},"type":"if","locations":[{"start":{"line":32,"column":4},"end":{"line":34,"column":null}},{"start":{},"end":{}}],"line":32},"4":{"loc":{"start":{"line":35,"column":4},"end":{"line":37,"column":null}},"type":"if","locations":[{"start":{"line":35,"column":4},"end":{"line":37,"column":null}},{"start":{},"end":{}}],"line":35},"5":{"loc":{"start":{"line":40,"column":2},"end":{"line":40,"column":null}},"type":"if","locations":[{"start":{"line":40,"column":2},"end":{"line":40,"column":null}},{"start":{},"end":{}}],"line":40}},"s":{"0":1,"1":16,"2":16,"3":9,"4":9,"5":9,"6":1,"7":8,"8":7,"9":7,"10":8,"11":8,"12":8,"13":8,"14":8,"15":16,"16":1,"17":1,"18":1,"19":1,"20":16,"21":10,"22":6},"f":{"0":16,"1":9,"2":7,"3":8,"4":1},"b":{"0":[1,8],"1":[9,8],"2":[7,2],"3":[1,0],"4":[1,0],"5":[10,6]},"meta":{"lastBranch":6,"lastFunction":5,"lastStatement":23,"seen":{"s:9:51:63:Infinity":0,"f:9:51:9:52":0,"s:10:32:10:Infinity":1,"s:12:2:29:Infinity":2,"f:12:12:12:18":1,"s:13:19:13:Infinity":3,"s:14:20:14:Infinity":4,"b:15:4:15:Infinity:undefined:undefined:undefined:undefined":0,"s:15:4:15:Infinity":5,"b:15:8:15:19:15:19:15:29":1,"s:15:29:15:Infinity":6,"s:17:25:20:Infinity":7,"f:17:25:17:31":2,"s:18:22:18:Infinity":8,"b:18:22:18:48:18:48:18:Infinity":2,"s:19:6:19:Infinity":9,"s:22:4:22:Infinity":10,"s:23:4:23:Infinity":11,"s:25:4:28:Infinity":12,"f:25:11:25:17":3,"s:26:6:26:Infinity":13,"s:27:6:27:Infinity":14,"s:31:22:38:Infinity":15,"f:31:22:31:28":4,"b:32:4:34:Infinity:undefined:undefined:undefined:undefined":3,"s:32:4:34:Infinity":16,"s:33:6:33:Infinity":17,"b:35:4:37:Infinity:undefined:undefined:undefined:undefined":4,"s:35:4:37:Infinity":18,"s:36:6:36:Infinity":19,"b:40:2:40:Infinity:undefined:undefined:undefined:undefined":5,"s:40:2:40:Infinity":20,"s:40:18:40:Infinity":21,"s:42:2:61:Infinity":22}}}
,"/Users/chenqinyang/Documents/Code/personal/sharemd/src/components/Editor/Editor.tsx": {"path":"/Users/chenqinyang/Documents/Code/personal/sharemd/src/components/Editor/Editor.tsx","statementMap":{"0":{"start":{"line":13,"column":45},"end":{"line":79,"column":null}},"1":{"start":{"line":14,"column":8},"end":{"line":14,"column":null}},"2":{"start":{"line":15,"column":8},"end":{"line":15,"column":null}},"3":{"start":{"line":16,"column":8},"end":{"line":16,"column":null}},"4":{"start":{"line":19,"column":2},"end":{"line":21,"column":null}},"5":{"start":{"line":20,"column":4},"end":{"line":20,"column":null}},"6":{"start":{"line":23,"column":2},"end":{"line":57,"column":null}},"7":{"start":{"line":24,"column":4},"end":{"line":24,"column":null}},"8":{"start":{"line":24,"column":31},"end":{"line":24,"column":null}},"9":{"start":{"line":26,"column":23},"end":{"line":38,"column":null}},"10":{"start":{"line":32,"column":10},"end":{"line":34,"column":null}},"11":{"start":{"line":33,"column":12},"end":{"line":33,"column":null}},"12":{"start":{"line":40,"column":17},"end":{"line":43,"column":null}},"13":{"start":{"line":45,"column":4},"end":{"line":45,"column":null}},"14":{"start":{"line":48,"column":21},"end":{"line":48,"column":null}},"15":{"start":{"line":49,"column":4},"end":{"line":51,"column":null}},"16":{"start":{"line":50,"column":6},"end":{"line":50,"column":null}},"17":{"start":{"line":53,"column":4},"end":{"line":55,"column":null}},"18":{"start":{"line":54,"column":6},"end":{"line":54,"column":null}},"19":{"start":{"line":60,"column":2},"end":{"line":72,"column":null}},"20":{"start":{"line":61,"column":4},"end":{"line":61,"column":null}},"21":{"start":{"line":61,"column":26},"end":{"line":61,"column":null}},"22":{"start":{"line":62,"column":25},"end":{"line":62,"column":null}},"23":{"start":{"line":63,"column":4},"end":{"line":71,"column":null}},"24":{"start":{"line":64,"column":6},"end":{"line":70,"column":null}},"25":{"start":{"line":74,"column":2},"end":{"line":77,"column":null}}},"fnMap":{"0":{"name":"(anonymous_0)","decl":{"start":{"line":13,"column":45},"end":{"line":13,"column":46}},"loc":{"start":{"line":13,"column":87},"end":{"line":79,"column":null}},"line":13},"1":{"name":"(anonymous_1)","decl":{"start":{"line":19,"column":12},"end":{"line":19,"column":18}},"loc":{"start":{"line":19,"column":18},"end":{"line":21,"column":5}},"line":19},"2":{"name":"(anonymous_2)","decl":{"start":{"line":23,"column":12},"end":{"line":23,"column":18}},"loc":{"start":{"line":23,"column":18},"end":{"line":57,"column":5}},"line":23},"3":{"name":"(anonymous_3)","decl":{"start":{"line":31,"column":37},"end":{"line":31,"column":38}},"loc":{"start":{"line":31,"column":49},"end":{"line":35,"column":9}},"line":31},"4":{"name":"(anonymous_4)","decl":{"start":{"line":53,"column":11},"end":{"line":53,"column":17}},"loc":{"start":{"line":53,"column":17},"end":{"line":55,"column":null}},"line":53},"5":{"name":"(anonymous_5)","decl":{"start":{"line":60,"column":12},"end":{"line":60,"column":18}},"loc":{"start":{"line":60,"column":18},"end":{"line":72,"column":5}},"line":60}},"branchMap":{"0":{"loc":{"start":{"line":24,"column":4},"end":{"line":24,"column":null}},"type":"if","locations":[{"start":{"line":24,"column":4},"end":{"line":24,"column":null}},{"start":{},"end":{}}],"line":24},"1":{"loc":{"start":{"line":32,"column":10},"end":{"line":34,"column":null}},"type":"if","locations":[{"start":{"line":32,"column":10},"end":{"line":34,"column":null}},{"start":{},"end":{}}],"line":32},"2":{"loc":{"start":{"line":49,"column":4},"end":{"line":51,"column":null}},"type":"if","locations":[{"start":{"line":49,"column":4},"end":{"line":51,"column":null}},{"start":{},"end":{}}],"line":49},"3":{"loc":{"start":{"line":49,"column":8},"end":{"line":49,"column":37}},"type":"binary-expr","locations":[{"start":{"line":49,"column":8},"end":{"line":49,"column":20}},{"start":{"line":49,"column":20},"end":{"line":49,"column":37}}],"line":49},"4":{"loc":{"start":{"line":61,"column":4},"end":{"line":61,"column":null}},"type":"if","locations":[{"start":{"line":61,"column":4},"end":{"line":61,"column":null}},{"start":{},"end":{}}],"line":61},"5":{"loc":{"start":{"line":63,"column":4},"end":{"line":71,"column":null}},"type":"if","locations":[{"start":{"line":63,"column":4},"end":{"line":71,"column":null}},{"start":{},"end":{}}],"line":63}},"s":{"0":1,"1":0,"2":0,"3":0,"4":0,"5":0,"6":0,"7":0,"8":0,"9":0,"10":0,"11":0,"12":0,"13":0,"14":0,"15":0,"16":0,"17":0,"18":0,"19":0,"20":0,"21":0,"22":0,"23":0,"24":0,"25":0},"f":{"0":0,"1":0,"2":0,"3":0,"4":0,"5":0},"b":{"0":[0,0],"1":[0,0],"2":[0,0],"3":[0,0],"4":[0,0],"5":[0,0]},"meta":{"lastBranch":6,"lastFunction":6,"lastStatement":26,"seen":{"s:13:45:79:Infinity":0,"f:13:45:13:46":0,"s:14:8:14:Infinity":1,"s:15:8:15:Infinity":2,"s:16:8:16:Infinity":3,"s:19:2:21:Infinity":4,"f:19:12:19:18":1,"s:20:4:20:Infinity":5,"s:23:2:57:Infinity":6,"f:23:12:23:18":2,"b:24:4:24:Infinity:undefined:undefined:undefined:undefined":0,"s:24:4:24:Infinity":7,"s:24:31:24:Infinity":8,"s:26:23:38:Infinity":9,"f:31:37:31:38":3,"b:32:10:34:Infinity:undefined:undefined:undefined:undefined":1,"s:32:10:34:Infinity":10,"s:33:12:33:Infinity":11,"s:40:17:43:Infinity":12,"s:45:4:45:Infinity":13,"s:48:21:48:Infinity":14,"b:49:4:51:Infinity:undefined:undefined:undefined:undefined":2,"s:49:4:51:Infinity":15,"b:49:8:49:20:49:20:49:37":3,"s:50:6:50:Infinity":16,"s:53:4:55:Infinity":17,"f:53:11:53:17":4,"s:54:6:54:Infinity":18,"s:60:2:72:Infinity":19,"f:60:12:60:18":5,"b:61:4:61:Infinity:undefined:undefined:undefined:undefined":4,"s:61:4:61:Infinity":20,"s:61:26:61:Infinity":21,"s:62:25:62:Infinity":22,"b:63:4:71:Infinity:undefined:undefined:undefined:undefined":5,"s:63:4:71:Infinity":23,"s:64:6:70:Infinity":24,"s:74:2:77:Infinity":25}}}
,"/Users/chenqinyang/Documents/Code/personal/sharemd/src/components/ExportToolbar/ExportToolbar.tsx": {"path":"/Users/chenqinyang/Documents/Code/personal/sharemd/src/components/ExportToolbar/ExportToolbar.tsx","statementMap":{"0":{"start":{"line":11,"column":23},"end":{"line":17,"column":null}},"1":{"start":{"line":12,"column":2},"end":{"line":17,"column":null}},"2":{"start":{"line":20,"column":59},"end":{"line":80,"column":null}},"3":{"start":{"line":26,"column":24},"end":{"line":26,"column":null}},"4":{"start":{"line":27,"column":20},"end":{"line":27,"column":null}},"5":{"start":{"line":28,"column":17},"end":{"line":28,"column":null}},"6":{"start":{"line":30,"column":2},"end":{"line":78,"column":null}}},"fnMap":{"0":{"name":"(anonymous_0)","decl":{"start":{"line":11,"column":23},"end":{"line":11,"column":null}},"loc":{"start":{"line":12,"column":2},"end":{"line":17,"column":null}},"line":12},"1":{"name":"(anonymous_1)","decl":{"start":{"line":20,"column":59},"end":{"line":20,"column":60}},"loc":{"start":{"line":25,"column":6},"end":{"line":80,"column":null}},"line":25}},"branchMap":{"0":{"loc":{"start":{"line":38,"column":9},"end":{"line":50,"column":null}},"type":"cond-expr","locations":[{"start":{"line":39,"column":10},"end":{"line":42,"column":null}},{"start":{"line":44,"column":10},"end":{"line":50,"column":null}}],"line":38},"1":{"loc":{"start":{"line":60,"column":9},"end":{"line":75,"column":null}},"type":"cond-expr","locations":[{"start":{"line":61,"column":10},"end":{"line":64,"column":null}},{"start":{"line":66,"column":10},"end":{"line":75,"column":null}}],"line":60}},"s":{"0":1,"1":5,"2":1,"3":11,"4":11,"5":11,"6":11},"f":{"0":5,"1":11},"b":{"0":[4,7],"1":[1,10]},"meta":{"lastBranch":2,"lastFunction":2,"lastStatement":7,"seen":{"s:11:23:17:Infinity":0,"f:11:23:11:Infinity":0,"s:12:2:17:Infinity":1,"s:20:59:80:Infinity":2,"f:20:59:20:60":1,"s:26:24:26:Infinity":3,"s:27:20:27:Infinity":4,"s:28:17:28:Infinity":5,"s:30:2:78:Infinity":6,"b:39:10:42:Infinity:44:10:50:Infinity":0,"b:61:10:64:Infinity:66:10:75:Infinity":1}}}
,"/Users/chenqinyang/Documents/Code/personal/sharemd/src/components/Message/Message.tsx": {"path":"/Users/chenqinyang/Documents/Code/personal/sharemd/src/components/Message/Message.tsx","statementMap":{"0":{"start":{"line":10,"column":41},"end":{"line":42,"column":null}},"1":{"start":{"line":11,"column":28},"end":{"line":11,"column":null}},"2":{"start":{"line":13,"column":2},"end":{"line":22,"column":null}},"3":{"start":{"line":14,"column":18},"end":{"line":19,"column":null}},"4":{"start":{"line":15,"column":6},"end":{"line":15,"column":null}},"5":{"start":{"line":16,"column":6},"end":{"line":18,"column":null}},"6":{"start":{"line":17,"column":8},"end":{"line":17,"column":null}},"7":{"start":{"line":21,"column":4},"end":{"line":21,"column":null}},"8":{"start":{"line":21,"column":17},"end":{"line":21,"column":null}},"9":{"start":{"line":24,"column":2},"end":{"line":26,"column":null}},"10":{"start":{"line":25,"column":4},"end":{"line":25,"column":null}},"11":{"start":{"line":28,"column":2},"end":{"line":40,"column":null}}},"fnMap":{"0":{"name":"(anonymous_0)","decl":{"start":{"line":10,"column":41},"end":{"line":10,"column":42}},"loc":{"start":{"line":10,"column":84},"end":{"line":42,"column":null}},"line":10},"1":{"name":"(anonymous_1)","decl":{"start":{"line":13,"column":12},"end":{"line":13,"column":18}},"loc":{"start":{"line":13,"column":18},"end":{"line":22,"column":5}},"line":13},"2":{"name":"(anonymous_2)","decl":{"start":{"line":14,"column":29},"end":{"line":14,"column":35}},"loc":{"start":{"line":14,"column":35},"end":{"line":19,"column":7}},"line":14},"3":{"name":"(anonymous_3)","decl":{"start":{"line":21,"column":11},"end":{"line":21,"column":17}},"loc":{"start":{"line":21,"column":17},"end":{"line":21,"column":null}},"line":21}},"branchMap":{"0":{"loc":{"start":{"line":10,"column":53},"end":{"line":10,"column":70}},"type":"default-arg","locations":[{"start":{"line":10,"column":64},"end":{"line":10,"column":70}}],"line":10},"1":{"loc":{"start":{"line":16,"column":6},"end":{"line":18,"column":null}},"type":"if","locations":[{"start":{"line":16,"column":6},"end":{"line":18,"column":null}},{"start":{},"end":{}}],"line":16},"2":{"loc":{"start":{"line":24,"column":2},"end":{"line":26,"column":null}},"type":"if","locations":[{"start":{"line":24,"column":2},"end":{"line":26,"column":null}},{"start":{},"end":{}}],"line":24},"3":{"loc":{"start":{"line":29,"column":48},"end":{"line":29,"column":78}},"type":"cond-expr","locations":[{"start":{"line":29,"column":59},"end":{"line":29,"column":76}},{"start":{"line":29,"column":76},"end":{"line":29,"column":78}}],"line":29}},"s":{"0":1,"1":10,"2":10,"3":7,"4":3,"5":3,"6":2,"7":7,"8":7,"9":10,"10":3,"11":7},"f":{"0":10,"1":7,"2":3,"3":7},"b":{"0":[10],"1":[2,1],"2":[3,7],"3":[0,7]},"meta":{"lastBranch":4,"lastFunction":4,"lastStatement":12,"seen":{"s:10:41:42:Infinity":0,"f:10:41:10:42":0,"b:10:64:10:70":0,"s:11:28:11:Infinity":1,"s:13:2:22:Infinity":2,"f:13:12:13:18":1,"s:14:18:19:Infinity":3,"f:14:29:14:35":2,"s:15:6:15:Infinity":4,"b:16:6:18:Infinity:undefined:undefined:undefined:undefined":1,"s:16:6:18:Infinity":5,"s:17:8:17:Infinity":6,"s:21:4:21:Infinity":7,"f:21:11:21:17":3,"s:21:17:21:Infinity":8,"b:24:2:26:Infinity:undefined:undefined:undefined:undefined":2,"s:24:2:26:Infinity":9,"s:25:4:25:Infinity":10,"s:28:2:40:Infinity":11,"b:29:59:29:76:29:76:29:78":3}}}
,"/Users/chenqinyang/Documents/Code/personal/sharemd/src/components/Preview/Preview.tsx": {"path":"/Users/chenqinyang/Documents/Code/personal/sharemd/src/components/Preview/Preview.tsx","statementMap":{"0":{"start":{"line":13,"column":47},"end":{"line":32,"column":null}},"1":{"start":{"line":14,"column":2},"end":{"line":30,"column":null}}},"fnMap":{"0":{"name":"(anonymous_0)","decl":{"start":{"line":13,"column":47},"end":{"line":13,"column":48}},"loc":{"start":{"line":13,"column":95},"end":{"line":32,"column":null}},"line":13}},"branchMap":{"0":{"loc":{"start":{"line":17,"column":9},"end":{"line":27,"column":null}},"type":"cond-expr","locations":[{"start":{"line":18,"column":10},"end":{"line":20,"column":null}},{"start":{"line":22,"column":10},"end":{"line":27,"column":null}}],"line":17}},"s":{"0":1,"1":17},"f":{"0":17},"b":{"0":[1,16]},"meta":{"lastBranch":1,"lastFunction":1,"lastStatement":2,"seen":{"s:13:47:32:Infinity":0,"f:13:47:13:48":0,"s:14:2:30:Infinity":1,"b:18:10:20:Infinity:22:10:27:Infinity":0}}}
,"/Users/chenqinyang/Documents/Code/personal/sharemd/src/components/ResizableDivider/ResizableDivider.tsx": {"path":"/Users/chenqinyang/Documents/Code/personal/sharemd/src/components/ResizableDivider/ResizableDivider.tsx","statementMap":{"0":{"start":{"line":9,"column":65},"end":{"line":55,"column":null}},"1":{"start":{"line":13,"column":34},"end":{"line":13,"column":null}},"2":{"start":{"line":15,"column":2},"end":{"line":42,"column":null}},"3":{"start":{"line":16,"column":4},"end":{"line":16,"column":null}},"4":{"start":{"line":16,"column":21},"end":{"line":16,"column":null}},"5":{"start":{"line":18,"column":28},"end":{"line":29,"column":null}},"6":{"start":{"line":19,"column":29},"end":{"line":19,"column":null}},"7":{"start":{"line":20,"column":27},"end":{"line":20,"column":null}},"8":{"start":{"line":23,"column":6},"end":{"line":28,"column":null}},"9":{"start":{"line":27,"column":8},"end":{"line":27,"column":null}},"10":{"start":{"line":31,"column":26},"end":{"line":33,"column":null}},"11":{"start":{"line":32,"column":6},"end":{"line":32,"column":null}},"12":{"start":{"line":35,"column":4},"end":{"line":35,"column":null}},"13":{"start":{"line":36,"column":4},"end":{"line":36,"column":null}},"14":{"start":{"line":38,"column":4},"end":{"line":41,"column":null}},"15":{"start":{"line":39,"column":6},"end":{"line":39,"column":null}},"16":{"start":{"line":40,"column":6},"end":{"line":40,"column":null}},"17":{"start":{"line":44,"column":26},"end":{"line":47,"column":null}},"18":{"start":{"line":45,"column":4},"end":{"line":45,"column":null}},"19":{"start":{"line":46,"column":4},"end":{"line":46,"column":null}},"20":{"start":{"line":49,"column":2},"end":{"line":53,"column":null}}},"fnMap":{"0":{"name":"(anonymous_0)","decl":{"start":{"line":9,"column":65},"end":{"line":9,"column":66}},"loc":{"start":{"line":12,"column":6},"end":{"line":55,"column":null}},"line":12},"1":{"name":"(anonymous_1)","decl":{"start":{"line":15,"column":12},"end":{"line":15,"column":18}},"loc":{"start":{"line":15,"column":18},"end":{"line":42,"column":5}},"line":15},"2":{"name":"(anonymous_2)","decl":{"start":{"line":18,"column":28},"end":{"line":18,"column":29}},"loc":{"start":{"line":18,"column":47},"end":{"line":29,"column":null}},"line":18},"3":{"name":"(anonymous_3)","decl":{"start":{"line":31,"column":26},"end":{"line":31,"column":32}},"loc":{"start":{"line":31,"column":32},"end":{"line":33,"column":null}},"line":31},"4":{"name":"(anonymous_4)","decl":{"start":{"line":38,"column":11},"end":{"line":38,"column":17}},"loc":{"start":{"line":38,"column":17},"end":{"line":41,"column":null}},"line":38},"5":{"name":"(anonymous_5)","decl":{"start":{"line":44,"column":26},"end":{"line":44,"column":27}},"loc":{"start":{"line":44,"column":51},"end":{"line":47,"column":null}},"line":44}},"branchMap":{"0":{"loc":{"start":{"line":11,"column":2},"end":{"line":11,"column":null}},"type":"default-arg","locations":[{"start":{"line":11,"column":13},"end":{"line":11,"column":null}}],"line":11},"1":{"loc":{"start":{"line":16,"column":4},"end":{"line":16,"column":null}},"type":"if","locations":[{"start":{"line":16,"column":4},"end":{"line":16,"column":null}},{"start":{},"end":{}}],"line":16},"2":{"loc":{"start":{"line":23,"column":6},"end":{"line":28,"column":null}},"type":"if","locations":[{"start":{"line":23,"column":6},"end":{"line":28,"column":null}},{"start":{},"end":{}}],"line":23},"3":{"loc":{"start":{"line":24,"column":8},"end":{"line":25,"column":null}},"type":"binary-expr","locations":[{"start":{"line":24,"column":8},"end":{"line":24,"column":null}},{"start":{"line":25,"column":8},"end":{"line":25,"column":null}}],"line":24},"4":{"loc":{"start":{"line":51,"column":38},"end":{"line":51,"column":71}},"type":"cond-expr","locations":[{"start":{"line":51,"column":51},"end":{"line":51,"column":69}},{"start":{"line":51,"column":69},"end":{"line":51,"column":71}}],"line":51}},"s":{"0":1,"1":23,"2":23,"3":22,"4":13,"5":9,"6":6,"7":6,"8":6,"9":3,"10":9,"11":2,"12":9,"13":9,"14":9,"15":9,"16":9,"17":23,"18":9,"19":9,"20":23},"f":{"0":23,"1":22,"2":6,"3":2,"4":9,"5":9},"b":{"0":[23],"1":[13,9],"2":[3,3],"3":[6,4],"4":[9,13]},"meta":{"lastBranch":5,"lastFunction":6,"lastStatement":21,"seen":{"s:9:65:55:Infinity":0,"f:9:65:9:66":0,"b:11:13:11:Infinity":0,"s:13:34:13:Infinity":1,"s:15:2:42:Infinity":2,"f:15:12:15:18":1,"b:16:4:16:Infinity:undefined:undefined:undefined:undefined":1,"s:16:4:16:Infinity":3,"s:16:21:16:Infinity":4,"s:18:28:29:Infinity":5,"f:18:28:18:29":2,"s:19:29:19:Infinity":6,"s:20:27:20:Infinity":7,"b:23:6:28:Infinity:undefined:undefined:undefined:undefined":2,"s:23:6:28:Infinity":8,"b:24:8:24:Infinity:25:8:25:Infinity":3,"s:27:8:27:Infinity":9,"s:31:26:33:Infinity":10,"f:31:26:31:32":3,"s:32:6:32:Infinity":11,"s:35:4:35:Infinity":12,"s:36:4:36:Infinity":13,"s:38:4:41:Infinity":14,"f:38:11:38:17":4,"s:39:6:39:Infinity":15,"s:40:6:40:Infinity":16,"s:44:26:47:Infinity":17,"f:44:26:44:27":5,"s:45:4:45:Infinity":18,"s:46:4:46:Infinity":19,"s:49:2:53:Infinity":20,"b:51:51:51:69:51:69:51:71":4}}}
,"/Users/chenqinyang/Documents/Code/personal/sharemd/src/components/ViewModeToggle/ViewModeToggle.tsx": {"path":"/Users/chenqinyang/Documents/Code/personal/sharemd/src/components/ViewModeToggle/ViewModeToggle.tsx","statementMap":{"0":{"start":{"line":11,"column":55},"end":{"line":77,"column":null}},"1":{"start":{"line":12,"column":2},"end":{"line":75,"column":null}},"2":{"start":{"line":17,"column":23},"end":{"line":17,"column":null}},"3":{"start":{"line":33,"column":23},"end":{"line":33,"column":null}},"4":{"start":{"line":47,"column":23},"end":{"line":47,"column":null}},"5":{"start":{"line":63,"column":23},"end":{"line":63,"column":null}}},"fnMap":{"0":{"name":"(anonymous_0)","decl":{"start":{"line":11,"column":55},"end":{"line":11,"column":56}},"loc":{"start":{"line":11,"column":90},"end":{"line":77,"column":null}},"line":11},"1":{"name":"(anonymous_1)","decl":{"start":{"line":17,"column":17},"end":{"line":17,"column":23}},"loc":{"start":{"line":17,"column":23},"end":{"line":17,"column":null}},"line":17},"2":{"name":"(anonymous_2)","decl":{"start":{"line":33,"column":17},"end":{"line":33,"column":23}},"loc":{"start":{"line":33,"column":23},"end":{"line":33,"column":null}},"line":33},"3":{"name":"(anonymous_3)","decl":{"start":{"line":47,"column":17},"end":{"line":47,"column":23}},"loc":{"start":{"line":47,"column":23},"end":{"line":47,"column":null}},"line":47},"4":{"name":"(anonymous_4)","decl":{"start":{"line":63,"column":17},"end":{"line":63,"column":23}},"loc":{"start":{"line":63,"column":23},"end":{"line":63,"column":null}},"line":63}},"branchMap":{"0":{"loc":{"start":{"line":16,"column":43},"end":{"line":16,"column":88}},"type":"cond-expr","locations":[{"start":{"line":16,"column":70},"end":{"line":16,"column":86}},{"start":{"line":16,"column":86},"end":{"line":16,"column":88}}],"line":16},"1":{"loc":{"start":{"line":32,"column":43},"end":{"line":32,"column":86}},"type":"cond-expr","locations":[{"start":{"line":32,"column":68},"end":{"line":32,"column":84}},{"start":{"line":32,"column":84},"end":{"line":32,"column":86}}],"line":32},"2":{"loc":{"start":{"line":46,"column":43},"end":{"line":46,"column":89}},"type":"cond-expr","locations":[{"start":{"line":46,"column":71},"end":{"line":46,"column":87}},{"start":{"line":46,"column":87},"end":{"line":46,"column":89}}],"line":46},"3":{"loc":{"start":{"line":62,"column":43},"end":{"line":62,"column":92}},"type":"cond-expr","locations":[{"start":{"line":62,"column":74},"end":{"line":62,"column":90}},{"start":{"line":62,"column":90},"end":{"line":62,"column":92}}],"line":62}},"s":{"0":1,"1":14,"2":1,"3":1,"4":1,"5":1},"f":{"0":14,"1":1,"2":1,"3":1,"4":1},"b":{"0":[3,11],"1":[9,5],"2":[1,13],"3":[1,13]},"meta":{"lastBranch":4,"lastFunction":5,"lastStatement":6,"seen":{"s:11:55:77:Infinity":0,"f:11:55:11:56":0,"s:12:2:75:Infinity":1,"b:16:70:16:86:16:86:16:88":0,"f:17:17:17:23":1,"s:17:23:17:Infinity":2,"b:32:68:32:84:32:84:32:86":1,"f:33:17:33:23":2,"s:33:23:33:Infinity":3,"b:46:71:46:87:46:87:46:89":2,"f:47:17:47:23":3,"s:47:23:47:Infinity":4,"b:62:74:62:90:62:90:62:92":3,"f:63:17:63:23":4,"s:63:23:63:Infinity":5}}}
,"/Users/chenqinyang/Documents/Code/personal/sharemd/src/constants/defaultContent.ts": {"path":"/Users/chenqinyang/Documents/Code/personal/sharemd/src/constants/defaultContent.ts","statementMap":{"0":{"start":{"line":1,"column":32},"end":{"line":30,"column":1}}},"fnMap":{},"branchMap":{},"s":{"0":1},"f":{},"b":{},"meta":{"lastBranch":0,"lastFunction":0,"lastStatement":1,"seen":{"s:1:32:30:1":0}}}
,"/Users/chenqinyang/Documents/Code/personal/sharemd/src/hooks/useImageExport.ts": {"path":"/Users/chenqinyang/Documents/Code/personal/sharemd/src/hooks/useImageExport.ts","statementMap":{"0":{"start":{"line":11,"column":46},"end":{"line":11,"column":null}},"1":{"start":{"line":13,"column":24},"end":{"line":18,"column":null}},"2":{"start":{"line":14,"column":2},"end":{"line":16,"column":null}},"3":{"start":{"line":15,"column":4},"end":{"line":15,"column":null}},"4":{"start":{"line":17,"column":2},"end":{"line":17,"column":null}},"5":{"start":{"line":20,"column":30},"end":{"line":147,"column":null}},"6":{"start":{"line":21,"column":40},"end":{"line":21,"column":null}},"7":{"start":{"line":22,"column":38},"end":{"line":22,"column":null}},"8":{"start":{"line":25,"column":2},"end":{"line":30,"column":null}},"9":{"start":{"line":26,"column":18},"end":{"line":28,"column":null}},"10":{"start":{"line":27,"column":6},"end":{"line":27,"column":null}},"11":{"start":{"line":29,"column":4},"end":{"line":29,"column":null}},"12":{"start":{"line":29,"column":17},"end":{"line":29,"column":null}},"13":{"start":{"line":32,"column":22},"end":{"line":32,"column":null}},"14":{"start":{"line":32,"column":28},"end":{"line":32,"column":null}},"15":{"start":{"line":34,"column":8},"end":{"line":36,"column":null}},"16":{"start":{"line":35,"column":4},"end":{"line":35,"column":null}},"17":{"start":{"line":38,"column":24},"end":{"line":47,"column":null}},"18":{"start":{"line":39,"column":16},"end":{"line":39,"column":null}},"19":{"start":{"line":40,"column":17},"end":{"line":40,"column":null}},"20":{"start":{"line":41,"column":4},"end":{"line":41,"column":null}},"21":{"start":{"line":42,"column":4},"end":{"line":42,"column":null}},"22":{"start":{"line":43,"column":4},"end":{"line":43,"column":null}},"23":{"start":{"line":44,"column":4},"end":{"line":44,"column":null}},"24":{"start":{"line":45,"column":4},"end":{"line":45,"column":null}},"25":{"start":{"line":46,"column":4},"end":{"line":46,"column":null}},"26":{"start":{"line":49,"column":24},"end":{"line":138,"column":null}},"27":{"start":{"line":50,"column":4},"end":{"line":50,"column":null}},"28":{"start":{"line":50,"column":29},"end":{"line":50,"column":null}},"29":{"start":{"line":52,"column":4},"end":{"line":52,"column":null}},"30":{"start":{"line":53,"column":4},"end":{"line":53,"column":null}},"31":{"start":{"line":55,"column":4},"end":{"line":137,"column":null}},"32":{"start":{"line":56,"column":6},"end":{"line":56,"column":null}},"33":{"start":{"line":57,"column":21},"end":{"line":57,"column":null}},"34":{"start":{"line":58,"column":26},"end":{"line":58,"column":null}},"35":{"start":{"line":59,"column":22},"end":{"line":59,"column":null}},"36":{"start":{"line":62,"column":6},"end":{"line":64,"column":null}},"37":{"start":{"line":63,"column":8},"end":{"line":63,"column":null}},"38":{"start":{"line":65,"column":6},"end":{"line":65,"column":null}},"39":{"start":{"line":67,"column":21},"end":{"line":75,"column":null}},"40":{"start":{"line":74,"column":46},"end":{"line":74,"column":null}},"41":{"start":{"line":77,"column":19},"end":{"line":79,"column":null}},"42":{"start":{"line":78,"column":8},"end":{"line":78,"column":null}},"43":{"start":{"line":81,"column":6},"end":{"line":81,"column":null}},"44":{"start":{"line":81,"column":17},"end":{"line":81,"column":null}},"45":{"start":{"line":83,"column":6},"end":{"line":128,"column":null}},"46":{"start":{"line":84,"column":8},"end":{"line":84,"column":null}},"47":{"start":{"line":85,"column":8},"end":{"line":85,"column":null}},"48":{"start":{"line":87,"column":8},"end":{"line":127,"column":null}},"49":{"start":{"line":89,"column":10},"end":{"line":91,"column":null}},"50":{"start":{"line":90,"column":12},"end":{"line":90,"column":null}},"51":{"start":{"line":95,"column":40},"end":{"line":95,"column":null}},"52":{"start":{"line":97,"column":10},"end":{"line":99,"column":null}},"53":{"start":{"line":98,"column":12},"end":{"line":98,"column":null}},"54":{"start":{"line":101,"column":23},"end":{"line":103,"column":null}},"55":{"start":{"line":105,"column":10},"end":{"line":105,"column":null}},"56":{"start":{"line":106,"column":10},"end":{"line":106,"column":null}},"57":{"start":{"line":108,"column":10},"end":{"line":108,"column":null}},"58":{"start":{"line":111,"column":10},"end":{"line":111,"column":null}},"59":{"start":{"line":113,"column":25},"end":{"line":113,"column":null}},"60":{"start":{"line":116,"column":10},"end":{"line":124,"column":null}},"61":{"start":{"line":117,"column":13},"end":{"line":123,"column":null}},"62":{"start":{"line":118,"column":15},"end":{"line":118,"column":null}},"63":{"start":{"line":119,"column":13},"end":{"line":123,"column":null}},"64":{"start":{"line":120,"column":15},"end":{"line":120,"column":null}},"65":{"start":{"line":121,"column":13},"end":{"line":123,"column":null}},"66":{"start":{"line":122,"column":15},"end":{"line":122,"column":null}},"67":{"start":{"line":126,"column":10},"end":{"line":126,"column":null}},"68":{"start":{"line":130,"column":6},"end":{"line":130,"column":null}},"69":{"start":{"line":131,"column":6},"end":{"line":134,"column":null}},"70":{"start":{"line":136,"column":6},"end":{"line":136,"column":null}},"71":{"start":{"line":140,"column":2},"end":{"line":146,"column":null}}},"fnMap":{"0":{"name":"(anonymous_0)","decl":{"start":{"line":13,"column":24},"end":{"line":13,"column":30}},"loc":{"start":{"line":13,"column":30},"end":{"line":18,"column":null}},"line":13},"1":{"name":"(anonymous_1)","decl":{"start":{"line":20,"column":30},"end":{"line":20,"column":31}},"loc":{"start":{"line":20,"column":76},"end":{"line":147,"column":null}},"line":20},"2":{"name":"(anonymous_2)","decl":{"start":{"line":25,"column":12},"end":{"line":25,"column":18}},"loc":{"start":{"line":25,"column":18},"end":{"line":30,"column":5}},"line":25},"3":{"name":"(anonymous_3)","decl":{"start":{"line":26,"column":29},"end":{"line":26,"column":35}},"loc":{"start":{"line":26,"column":35},"end":{"line":28,"column":7}},"line":26},"4":{"name":"(anonymous_4)","decl":{"start":{"line":29,"column":11},"end":{"line":29,"column":17}},"loc":{"start":{"line":29,"column":17},"end":{"line":29,"column":null}},"line":29},"5":{"name":"(anonymous_5)","decl":{"start":{"line":32,"column":22},"end":{"line":32,"column":28}},"loc":{"start":{"line":32,"column":28},"end":{"line":32,"column":null}},"line":32},"6":{"name":"(anonymous_6)","decl":{"start":{"line":34,"column":30},"end":{"line":34,"column":36}},"loc":{"start":{"line":34,"column":36},"end":{"line":36,"column":5}},"line":34},"7":{"name":"(anonymous_7)","decl":{"start":{"line":38,"column":24},"end":{"line":38,"column":25}},"loc":{"start":{"line":38,"column":40},"end":{"line":47,"column":null}},"line":38},"8":{"name":"(anonymous_8)","decl":{"start":{"line":49,"column":24},"end":{"line":49,"column":31}},"loc":{"start":{"line":49,"column":63},"end":{"line":138,"column":null}},"line":49},"9":{"name":"(anonymous_9)","decl":{"start":{"line":74,"column":24},"end":{"line":74,"column":25}},"loc":{"start":{"line":74,"column":46},"end":{"line":74,"column":null}},"line":74},"10":{"name":"(anonymous_10)","decl":{"start":{"line":77,"column":50},"end":{"line":77,"column":51}},"loc":{"start":{"line":77,"column":63},"end":{"line":79,"column":7}},"line":77}},"branchMap":{"0":{"loc":{"start":{"line":14,"column":2},"end":{"line":16,"column":null}},"type":"if","locations":[{"start":{"line":14,"column":2},"end":{"line":16,"column":null}},{"start":{},"end":{}}],"line":14},"1":{"loc":{"start":{"line":50,"column":4},"end":{"line":50,"column":null}},"type":"if","locations":[{"start":{"line":50,"column":4},"end":{"line":50,"column":null}},{"start":{},"end":{}}],"line":50},"2":{"loc":{"start":{"line":62,"column":6},"end":{"line":64,"column":null}},"type":"if","locations":[{"start":{"line":62,"column":6},"end":{"line":64,"column":null}},{"start":{},"end":{}}],"line":62},"3":{"loc":{"start":{"line":81,"column":6},"end":{"line":81,"column":null}},"type":"if","locations":[{"start":{"line":81,"column":6},"end":{"line":81,"column":null}},{"start":{},"end":{}}],"line":81},"4":{"loc":{"start":{"line":83,"column":6},"end":{"line":128,"column":null}},"type":"if","locations":[{"start":{"line":83,"column":6},"end":{"line":128,"column":null}},{"start":{"line":86,"column":13},"end":{"line":128,"column":null}}],"line":83},"5":{"loc":{"start":{"line":89,"column":10},"end":{"line":91,"column":null}},"type":"if","locations":[{"start":{"line":89,"column":10},"end":{"line":91,"column":null}},{"start":{},"end":{}}],"line":89},"6":{"loc":{"start":{"line":97,"column":10},"end":{"line":99,"column":null}},"type":"if","locations":[{"start":{"line":97,"column":10},"end":{"line":99,"column":null}},{"start":{},"end":{}}],"line":97},"7":{"loc":{"start":{"line":116,"column":10},"end":{"line":124,"column":null}},"type":"if","locations":[{"start":{"line":116,"column":10},"end":{"line":124,"column":null}},{"start":{},"end":{}}],"line":116},"8":{"loc":{"start":{"line":117,"column":13},"end":{"line":123,"column":null}},"type":"if","locations":[{"start":{"line":117,"column":13},"end":{"line":123,"column":null}},{"start":{"line":119,"column":13},"end":{"line":123,"column":null}}],"line":117},"9":{"loc":{"start":{"line":119,"column":13},"end":{"line":123,"column":null}},"type":"if","locations":[{"start":{"line":119,"column":13},"end":{"line":123,"column":null}},{"start":{"line":121,"column":13},"end":{"line":123,"column":null}}],"line":119},"10":{"loc":{"start":{"line":121,"column":13},"end":{"line":123,"column":null}},"type":"if","locations":[{"start":{"line":121,"column":13},"end":{"line":123,"column":null}},{"start":{},"end":{}}],"line":121}},"s":{"0":1,"1":1,"2":9,"3":1,"4":9,"5":1,"6":19,"7":19,"8":19,"9":11,"10":1,"11":11,"12":11,"13":19,"14":1,"15":19,"16":1,"17":19,"18":5,"19":5,"20":5,"21":5,"22":5,"23":5,"24":5,"25":5,"26":19,"27":8,"28":1,"29":7,"30":7,"31":7,"32":7,"33":7,"34":7,"35":7,"36":7,"37":7,"38":7,"39":7,"40":0,"41":7,"42":7,"43":7,"44":0,"45":7,"46":4,"47":4,"48":3,"49":3,"50":0,"51":3,"52":3,"53":0,"54":3,"55":3,"56":2,"57":1,"58":1,"59":1,"60":1,"61":1,"62":0,"63":1,"64":0,"65":1,"66":1,"67":1,"68":0,"69":0,"70":7,"71":19},"f":{"0":9,"1":19,"2":11,"3":1,"4":11,"5":1,"6":1,"7":5,"8":8,"9":0,"10":7},"b":{"0":[1,8],"1":[1,7],"2":[7,0],"3":[0,7],"4":[4,3],"5":[0,3],"6":[0,3],"7":[1,0],"8":[0,1],"9":[0,1],"10":[1,0]},"meta":{"lastBranch":11,"lastFunction":11,"lastStatement":72,"seen":{"s:11:46:11:Infinity":0,"s:13:24:18:Infinity":1,"f:13:24:13:30":0,"b:14:2:16:Infinity:undefined:undefined:undefined:undefined":0,"s:14:2:16:Infinity":2,"s:15:4:15:Infinity":3,"s:17:2:17:Infinity":4,"s:20:30:147:Infinity":5,"f:20:30:20:31":1,"s:21:40:21:Infinity":6,"s:22:38:22:Infinity":7,"s:25:2:30:Infinity":8,"f:25:12:25:18":2,"s:26:18:28:Infinity":9,"f:26:29:26:35":3,"s:27:6:27:Infinity":10,"s:29:4:29:Infinity":11,"f:29:11:29:17":4,"s:29:17:29:Infinity":12,"s:32:22:32:Infinity":13,"f:32:22:32:28":5,"s:32:28:32:Infinity":14,"s:34:8:36:Infinity":15,"f:34:30:34:36":6,"s:35:4:35:Infinity":16,"s:38:24:47:Infinity":17,"f:38:24:38:25":7,"s:39:16:39:Infinity":18,"s:40:17:40:Infinity":19,"s:41:4:41:Infinity":20,"s:42:4:42:Infinity":21,"s:43:4:43:Infinity":22,"s:44:4:44:Infinity":23,"s:45:4:45:Infinity":24,"s:46:4:46:Infinity":25,"s:49:24:138:Infinity":26,"f:49:24:49:31":8,"b:50:4:50:Infinity:undefined:undefined:undefined:undefined":1,"s:50:4:50:Infinity":27,"s:50:29:50:Infinity":28,"s:52:4:52:Infinity":29,"s:53:4:53:Infinity":30,"s:55:4:137:Infinity":31,"s:56:6:56:Infinity":32,"s:57:21:57:Infinity":33,"s:58:26:58:Infinity":34,"s:59:22:59:Infinity":35,"b:62:6:64:Infinity:undefined:undefined:undefined:undefined":2,"s:62:6:64:Infinity":36,"s:63:8:63:Infinity":37,"s:65:6:65:Infinity":38,"s:67:21:75:Infinity":39,"f:74:24:74:25":9,"s:74:46:74:Infinity":40,"s:77:19:79:Infinity":41,"f:77:50:77:51":10,"s:78:8:78:Infinity":42,"b:81:6:81:Infinity:undefined:undefined:undefined:undefined":3,"s:81:6:81:Infinity":43,"s:81:17:81:Infinity":44,"b:83:6:128:Infinity:86:13:128:Infinity":4,"s:83:6:128:Infinity":45,"s:84:8:84:Infinity":46,"s:85:8:85:Infinity":47,"s:87:8:127:Infinity":48,"b:89:10:91:Infinity:undefined:undefined:undefined:undefined":5,"s:89:10:91:Infinity":49,"s:90:12:90:Infinity":50,"s:95:40:95:Infinity":51,"b:97:10:99:Infinity:undefined:undefined:undefined:undefined":6,"s:97:10:99:Infinity":52,"s:98:12:98:Infinity":53,"s:101:23:103:Infinity":54,"s:105:10:105:Infinity":55,"s:106:10:106:Infinity":56,"s:108:10:108:Infinity":57,"s:111:10:111:Infinity":58,"s:113:25:113:Infinity":59,"b:116:10:124:Infinity:undefined:undefined:undefined:undefined":7,"s:116:10:124:Infinity":60,"b:117:13:123:Infinity:119:13:123:Infinity":8,"s:117:13:123:Infinity":61,"s:118:15:118:Infinity":62,"b:119:13:123:Infinity:121:13:123:Infinity":9,"s:119:13:123:Infinity":63,"s:120:15:120:Infinity":64,"b:121:13:123:Infinity:undefined:undefined:undefined:undefined":10,"s:121:13:123:Infinity":65,"s:122:15:122:Infinity":66,"s:126:10:126:Infinity":67,"s:130:6:130:Infinity":68,"s:131:6:134:Infinity":69,"s:136:6:136:Infinity":70,"s:140:2:146:Infinity":71}}}
,"/Users/chenqinyang/Documents/Code/personal/sharemd/src/hooks/useSyncScroll.ts": {"path":"/Users/chenqinyang/Documents/Code/personal/sharemd/src/hooks/useSyncScroll.ts","statementMap":{"0":{"start":{"line":3,"column":29},"end":{"line":69,"column":null}},"1":{"start":{"line":7,"column":8},"end":{"line":7,"column":null}},"2":{"start":{"line":8,"column":8},"end":{"line":8,"column":null}},"3":{"start":{"line":10,"column":2},"end":{"line":68,"column":null}},"4":{"start":{"line":11,"column":19},"end":{"line":11,"column":null}},"5":{"start":{"line":12,"column":20},"end":{"line":12,"column":null}},"6":{"start":{"line":14,"column":4},"end":{"line":17,"column":null}},"7":{"start":{"line":15,"column":6},"end":{"line":15,"column":null}},"8":{"start":{"line":16,"column":6},"end":{"line":16,"column":null}},"9":{"start":{"line":19,"column":4},"end":{"line":22,"column":null}},"10":{"start":{"line":24,"column":23},"end":{"line":51,"column":null}},"11":{"start":{"line":26,"column":6},"end":{"line":28,"column":null}},"12":{"start":{"line":27,"column":8},"end":{"line":27,"column":null}},"13":{"start":{"line":31,"column":6},"end":{"line":50,"column":null}},"14":{"start":{"line":32,"column":8},"end":{"line":32,"column":null}},"15":{"start":{"line":32,"column":34},"end":{"line":32,"column":null}},"16":{"start":{"line":34,"column":8},"end":{"line":34,"column":null}},"17":{"start":{"line":37,"column":10},"end":{"line":38,"column":null}},"18":{"start":{"line":41,"column":8},"end":{"line":44,"column":null}},"19":{"start":{"line":42,"column":31},"end":{"line":42,"column":null}},"20":{"start":{"line":43,"column":10},"end":{"line":43,"column":null}},"21":{"start":{"line":47,"column":8},"end":{"line":49,"column":null}},"22":{"start":{"line":48,"column":10},"end":{"line":48,"column":null}},"23":{"start":{"line":53,"column":31},"end":{"line":53,"column":null}},"24":{"start":{"line":53,"column":37},"end":{"line":53,"column":null}},"25":{"start":{"line":54,"column":32},"end":{"line":54,"column":null}},"26":{"start":{"line":54,"column":38},"end":{"line":54,"column":null}},"27":{"start":{"line":57,"column":4},"end":{"line":57,"column":null}},"28":{"start":{"line":58,"column":4},"end":{"line":58,"column":null}},"29":{"start":{"line":60,"column":4},"end":{"line":67,"column":null}},"30":{"start":{"line":61,"column":6},"end":{"line":61,"column":null}},"31":{"start":{"line":62,"column":6},"end":{"line":62,"column":null}},"32":{"start":{"line":63,"column":6},"end":{"line":63,"column":null}},"33":{"start":{"line":64,"column":6},"end":{"line":66,"column":null}},"34":{"start":{"line":65,"column":8},"end":{"line":65,"column":null}}},"fnMap":{"0":{"name":"(anonymous_0)","decl":{"start":{"line":3,"column":29},"end":{"line":3,"column":null}},"loc":{"start":{"line":6,"column":5},"end":{"line":69,"column":null}},"line":6},"1":{"name":"(anonymous_1)","decl":{"start":{"line":10,"column":12},"end":{"line":10,"column":18}},"loc":{"start":{"line":10,"column":18},"end":{"line":68,"column":5}},"line":10},"2":{"name":"(anonymous_2)","decl":{"start":{"line":24,"column":23},"end":{"line":24,"column":24}},"loc":{"start":{"line":24,"column":69},"end":{"line":51,"column":null}},"line":24},"3":{"name":"(anonymous_3)","decl":{"start":{"line":31,"column":56},"end":{"line":31,"column":62}},"loc":{"start":{"line":31,"column":62},"end":{"line":50,"column":7}},"line":31},"4":{"name":"(anonymous_4)","decl":{"start":{"line":47,"column":30},"end":{"line":47,"column":36}},"loc":{"start":{"line":47,"column":36},"end":{"line":49,"column":9}},"line":47},"5":{"name":"(anonymous_5)","decl":{"start":{"line":53,"column":31},"end":{"line":53,"column":37}},"loc":{"start":{"line":53,"column":37},"end":{"line":53,"column":null}},"line":53},"6":{"name":"(anonymous_6)","decl":{"start":{"line":54,"column":32},"end":{"line":54,"column":38}},"loc":{"start":{"line":54,"column":38},"end":{"line":54,"column":null}},"line":54},"7":{"name":"(anonymous_7)","decl":{"start":{"line":60,"column":11},"end":{"line":60,"column":17}},"loc":{"start":{"line":60,"column":17},"end":{"line":67,"column":null}},"line":60}},"branchMap":{"0":{"loc":{"start":{"line":14,"column":4},"end":{"line":17,"column":null}},"type":"if","locations":[{"start":{"line":14,"column":4},"end":{"line":17,"column":null}},{"start":{},"end":{}}],"line":14},"1":{"loc":{"start":{"line":14,"column":8},"end":{"line":14,"column":29}},"type":"binary-expr","locations":[{"start":{"line":14,"column":8},"end":{"line":14,"column":19}},{"start":{"line":14,"column":19},"end":{"line":14,"column":29}}],"line":14},"2":{"loc":{"start":{"line":26,"column":6},"end":{"line":28,"column":null}},"type":"if","locations":[{"start":{"line":26,"column":6},"end":{"line":28,"column":null}},{"start":{},"end":{}}],"line":26},"3":{"loc":{"start":{"line":32,"column":8},"end":{"line":32,"column":null}},"type":"if","locations":[{"start":{"line":32,"column":8},"end":{"line":32,"column":null}},{"start":{},"end":{}}],"line":32},"4":{"loc":{"start":{"line":41,"column":8},"end":{"line":44,"column":null}},"type":"if","locations":[{"start":{"line":41,"column":8},"end":{"line":44,"column":null}},{"start":{},"end":{}}],"line":41},"5":{"loc":{"start":{"line":41,"column":12},"end":{"line":41,"column":56}},"type":"binary-expr","locations":[{"start":{"line":41,"column":12},"end":{"line":41,"column":34}},{"start":{"line":41,"column":34},"end":{"line":41,"column":56}}],"line":41},"6":{"loc":{"start":{"line":64,"column":6},"end":{"line":66,"column":null}},"type":"if","locations":[{"start":{"line":64,"column":6},"end":{"line":66,"column":null}},{"start":{},"end":{}}],"line":64}},"s":{"0":1,"1":6,"2":6,"3":6,"4":6,"5":6,"6":6,"7":1,"8":1,"9":5,"10":5,"11":4,"12":2,"13":4,"14":1,"15":0,"16":1,"17":1,"18":1,"19":1,"20":1,"21":1,"22":0,"23":5,"24":4,"25":5,"26":0,"27":5,"28":5,"29":5,"30":5,"31":5,"32":5,"33":5,"34":2},"f":{"0":6,"1":6,"2":4,"3":1,"4":0,"5":4,"6":0,"7":5},"b":{"0":[1,5],"1":[6,5],"2":[2,2],"3":[0,1],"4":[1,0],"5":[1,1],"6":[2,3]},"meta":{"lastBranch":7,"lastFunction":8,"lastStatement":35,"seen":{"s:3:29:69:Infinity":0,"f:3:29:3:Infinity":0,"s:7:8:7:Infinity":1,"s:8:8:8:Infinity":2,"s:10:2:68:Infinity":3,"f:10:12:10:18":1,"s:11:19:11:Infinity":4,"s:12:20:12:Infinity":5,"b:14:4:17:Infinity:undefined:undefined:undefined:undefined":0,"s:14:4:17:Infinity":6,"b:14:8:14:19:14:19:14:29":1,"s:15:6:15:Infinity":7,"s:16:6:16:Infinity":8,"s:19:4:22:Infinity":9,"s:24:23:51:Infinity":10,"f:24:23:24:24":2,"b:26:6:28:Infinity:undefined:undefined:undefined:undefined":2,"s:26:6:28:Infinity":11,"s:27:8:27:Infinity":12,"s:31:6:50:Infinity":13,"f:31:56:31:62":3,"b:32:8:32:Infinity:undefined:undefined:undefined:undefined":3,"s:32:8:32:Infinity":14,"s:32:34:32:Infinity":15,"s:34:8:34:Infinity":16,"s:37:10:38:Infinity":17,"b:41:8:44:Infinity:undefined:undefined:undefined:undefined":4,"s:41:8:44:Infinity":18,"b:41:12:41:34:41:34:41:56":5,"s:42:31:42:Infinity":19,"s:43:10:43:Infinity":20,"s:47:8:49:Infinity":21,"f:47:30:47:36":4,"s:48:10:48:Infinity":22,"s:53:31:53:Infinity":23,"f:53:31:53:37":5,"s:53:37:53:Infinity":24,"s:54:32:54:Infinity":25,"f:54:32:54:38":6,"s:54:38:54:Infinity":26,"s:57:4:57:Infinity":27,"s:58:4:58:Infinity":28,"s:60:4:67:Infinity":29,"f:60:11:60:17":7,"s:61:6:61:Infinity":30,"s:62:6:62:Infinity":31,"s:63:6:63:Infinity":32,"b:64:6:66:Infinity:undefined:undefined:undefined:undefined":6,"s:64:6:66:Infinity":33,"s:65:8:65:Infinity":34}}}
,"/Users/chenqinyang/Documents/Code/personal/sharemd/src/hooks/useViewMode.ts": {"path":"/Users/chenqinyang/Documents/Code/personal/sharemd/src/hooks/useViewMode.ts","statementMap":{"0":{"start":{"line":5,"column":27},"end":{"line":44,"column":null}},"1":{"start":{"line":6,"column":30},"end":{"line":6,"column":null}},"2":{"start":{"line":7,"column":36},"end":{"line":7,"column":null}},"3":{"start":{"line":10,"column":2},"end":{"line":19,"column":null}},"4":{"start":{"line":11,"column":26},"end":{"line":15,"column":null}},"5":{"start":{"line":12,"column":6},"end":{"line":14,"column":null}},"6":{"start":{"line":13,"column":8},"end":{"line":13,"column":null}},"7":{"start":{"line":17,"column":4},"end":{"line":17,"column":null}},"8":{"start":{"line":18,"column":4},"end":{"line":18,"column":null}},"9":{"start":{"line":18,"column":17},"end":{"line":18,"column":null}},"10":{"start":{"line":22,"column":2},"end":{"line":28,"column":null}},"11":{"start":{"line":23,"column":4},"end":{"line":27,"column":null}},"12":{"start":{"line":24,"column":6},"end":{"line":24,"column":null}},"13":{"start":{"line":26,"column":6},"end":{"line":26,"column":null}},"14":{"start":{"line":30,"column":27},"end":{"line":32,"column":null}},"15":{"start":{"line":31,"column":4},"end":{"line":31,"column":null}},"16":{"start":{"line":34,"column":29},"end":{"line":36,"column":null}},"17":{"start":{"line":35,"column":4},"end":{"line":35,"column":null}},"18":{"start":{"line":38,"column":2},"end":{"line":43,"column":null}}},"fnMap":{"0":{"name":"(anonymous_0)","decl":{"start":{"line":5,"column":27},"end":{"line":5,"column":33}},"loc":{"start":{"line":5,"column":33},"end":{"line":44,"column":null}},"line":5},"1":{"name":"(anonymous_1)","decl":{"start":{"line":10,"column":12},"end":{"line":10,"column":18}},"loc":{"start":{"line":10,"column":18},"end":{"line":19,"column":5}},"line":10},"2":{"name":"(anonymous_2)","decl":{"start":{"line":11,"column":26},"end":{"line":11,"column":27}},"loc":{"start":{"line":11,"column":48},"end":{"line":15,"column":null}},"line":11},"3":{"name":"(anonymous_3)","decl":{"start":{"line":18,"column":11},"end":{"line":18,"column":17}},"loc":{"start":{"line":18,"column":17},"end":{"line":18,"column":null}},"line":18},"4":{"name":"(anonymous_4)","decl":{"start":{"line":22,"column":12},"end":{"line":22,"column":18}},"loc":{"start":{"line":22,"column":18},"end":{"line":28,"column":5}},"line":22},"5":{"name":"(anonymous_5)","decl":{"start":{"line":30,"column":27},"end":{"line":30,"column":28}},"loc":{"start":{"line":30,"column":47},"end":{"line":32,"column":null}},"line":30},"6":{"name":"(anonymous_6)","decl":{"start":{"line":34,"column":29},"end":{"line":34,"column":35}},"loc":{"start":{"line":34,"column":35},"end":{"line":36,"column":null}},"line":34}},"branchMap":{"0":{"loc":{"start":{"line":12,"column":6},"end":{"line":14,"column":null}},"type":"if","locations":[{"start":{"line":12,"column":6},"end":{"line":14,"column":null}},{"start":{},"end":{}}],"line":12},"1":{"loc":{"start":{"line":12,"column":10},"end":{"line":12,"column":59}},"type":"binary-expr","locations":[{"start":{"line":12,"column":10},"end":{"line":12,"column":32}},{"start":{"line":12,"column":32},"end":{"line":12,"column":59}}],"line":12},"2":{"loc":{"start":{"line":23,"column":4},"end":{"line":27,"column":null}},"type":"if","locations":[{"start":{"line":23,"column":4},"end":{"line":27,"column":null}},{"start":{"line":25,"column":11},"end":{"line":27,"column":null}}],"line":23}},"s":{"0":1,"1":37,"2":37,"3":37,"4":22,"5":2,"6":1,"7":22,"8":22,"9":22,"10":37,"11":22,"12":6,"13":16,"14":37,"15":13,"16":37,"17":1,"18":37},"f":{"0":37,"1":22,"2":2,"3":22,"4":22,"5":13,"6":1},"b":{"0":[1,1],"1":[2,2],"2":[6,16]},"meta":{"lastBranch":3,"lastFunction":7,"lastStatement":19,"seen":{"s:5:27:44:Infinity":0,"f:5:27:5:33":0,"s:6:30:6:Infinity":1,"s:7:36:7:Infinity":2,"s:10:2:19:Infinity":3,"f:10:12:10:18":1,"s:11:26:15:Infinity":4,"f:11:26:11:27":2,"b:12:6:14:Infinity:undefined:undefined:undefined:undefined":0,"s:12:6:14:Infinity":5,"b:12:10:12:32:12:32:12:59":1,"s:13:8:13:Infinity":6,"s:17:4:17:Infinity":7,"s:18:4:18:Infinity":8,"f:18:11:18:17":3,"s:18:17:18:Infinity":9,"s:22:2:28:Infinity":10,"f:22:12:22:18":4,"b:23:4:27:Infinity:25:11:27:Infinity":2,"s:23:4:27:Infinity":11,"s:24:6:24:Infinity":12,"s:26:6:26:Infinity":13,"s:30:27:32:Infinity":14,"f:30:27:30:28":5,"s:31:4:31:Infinity":15,"s:34:29:36:Infinity":16,"f:34:29:34:35":6,"s:35:4:35:Infinity":17,"s:38:2:43:Infinity":18}}}
}
